[Sat, 26 Mar 2016 16:19:34] utils.py line:122 [DEBUG]: 查询一条精确数据...
[Sat, 26 Mar 2016 16:19:34] utils.py line:122 [DEBUG]: 创建结果收集表result...
[Sat, 26 Mar 2016 16:19:34] utils.py line:128 [ERROR]: 创建结果收集表result异常:table result already exists
[Sat, 26 Mar 2016 16:19:34] utils.py line:122 [DEBUG]: 创建公共请求参数表basic
[Sat, 26 Mar 2016 16:19:34] utils.py line:128 [ERROR]: 创建公共请求参数表basic异常:table basic already exists
[Sat, 26 Mar 2016 16:19:34] utils.py line:122 [DEBUG]: 更新数据sign字段开始
[Sat, 26 Mar 2016 16:19:34] utils.py line:122 [DEBUG]: 更新数据sign字段成功
[Sat, 26 Mar 2016 16:19:34] utils.py line:122 [DEBUG]: 更新数据sid字段开始
[Sat, 26 Mar 2016 16:19:34] utils.py line:122 [DEBUG]: 数据库sid字段更新成功
[Sat, 26 Mar 2016 16:19:35] utils.py line:122 [DEBUG]: ##########开始执行用例--SHEET:登录;rowNum:1##########
[Sat, 26 Mar 2016 16:19:36] utils.py line:122 [DEBUG]: fullurl为:http://haowan.mmbang.com/user/default/login
[Sat, 26 Mar 2016 16:19:36] utils.py line:122 [DEBUG]: isNeedToRun为:no
[Sat, 26 Mar 2016 16:19:36] utils.py line:122 [DEBUG]: isNeedToRun为no ，不需要执行
[Sat, 26 Mar 2016 16:19:36] utils.py line:122 [DEBUG]: 不需要执行，跳过不需要执行，跳过不需要执行，跳过不需要执行，跳过不需要执行，跳过不需要执行，跳过不需要执行，跳过不需要执行，跳过不需要执行，跳过不需要执行，跳过
[Sat, 26 Mar 2016 16:19:36] utils.py line:122 [DEBUG]: ##########结束执行用例--SHEET:登录;rowNum:1##########
[Sat, 26 Mar 2016 16:19:36] utils.py line:122 [DEBUG]: ##########开始执行用例--SHEET:登录;rowNum:2##########
[Sat, 26 Mar 2016 16:19:36] utils.py line:122 [DEBUG]: fullurl为:http://haowan.mmbang.com/user/default/login
[Sat, 26 Mar 2016 16:19:36] utils.py line:122 [DEBUG]: isNeedToRun为:no
[Sat, 26 Mar 2016 16:19:36] utils.py line:122 [DEBUG]: isNeedToRun为no ，不需要执行
[Sat, 26 Mar 2016 16:19:36] utils.py line:122 [DEBUG]: 不需要执行，跳过不需要执行，跳过不需要执行，跳过不需要执行，跳过不需要执行，跳过不需要执行，跳过不需要执行，跳过不需要执行，跳过不需要执行，跳过不需要执行，跳过
[Sat, 26 Mar 2016 16:19:36] utils.py line:122 [DEBUG]: ##########结束执行用例--SHEET:登录;rowNum:2##########
[Sat, 26 Mar 2016 16:19:36] utils.py line:122 [DEBUG]: ##########开始执行用例--SHEET:登录;rowNum:3##########
[Sat, 26 Mar 2016 16:19:37] utils.py line:122 [DEBUG]: fullurl为:http://haowan.mmbang.com/user/default/login
[Sat, 26 Mar 2016 16:19:37] utils.py line:122 [DEBUG]: isNeedToRun为:no
[Sat, 26 Mar 2016 16:19:37] utils.py line:122 [DEBUG]: isNeedToRun为no ，不需要执行
[Sat, 26 Mar 2016 16:19:37] utils.py line:122 [DEBUG]: 不需要执行，跳过不需要执行，跳过不需要执行，跳过不需要执行，跳过不需要执行，跳过不需要执行，跳过不需要执行，跳过不需要执行，跳过不需要执行，跳过不需要执行，跳过
[Sat, 26 Mar 2016 16:19:37] utils.py line:122 [DEBUG]: ##########结束执行用例--SHEET:登录;rowNum:3##########
[Sat, 26 Mar 2016 16:19:37] utils.py line:122 [DEBUG]: ##########开始执行用例--SHEET:登录;rowNum:4##########
[Sat, 26 Mar 2016 16:19:38] utils.py line:122 [DEBUG]: fullurl为:http://haowan.mmbang.com/user/default/login
[Sat, 26 Mar 2016 16:19:38] utils.py line:122 [DEBUG]: isNeedToRun为:no
[Sat, 26 Mar 2016 16:19:38] utils.py line:122 [DEBUG]: isNeedToRun为no ，不需要执行
[Sat, 26 Mar 2016 16:19:38] utils.py line:122 [DEBUG]: 不需要执行，跳过不需要执行，跳过不需要执行，跳过不需要执行，跳过不需要执行，跳过不需要执行，跳过不需要执行，跳过不需要执行，跳过不需要执行，跳过不需要执行，跳过
[Sat, 26 Mar 2016 16:19:38] utils.py line:122 [DEBUG]: ##########结束执行用例--SHEET:登录;rowNum:4##########
[Sat, 26 Mar 2016 16:19:38] utils.py line:122 [DEBUG]: ##########开始执行用例--SHEET:登录;rowNum:5##########
[Sat, 26 Mar 2016 16:19:38] utils.py line:122 [DEBUG]: fullurl为:http://haowan.mmbang.com/user/default/login
[Sat, 26 Mar 2016 16:19:38] utils.py line:122 [DEBUG]: isNeedToRun为:no
[Sat, 26 Mar 2016 16:19:38] utils.py line:122 [DEBUG]: isNeedToRun为no ，不需要执行
[Sat, 26 Mar 2016 16:19:38] utils.py line:122 [DEBUG]: 不需要执行，跳过不需要执行，跳过不需要执行，跳过不需要执行，跳过不需要执行，跳过不需要执行，跳过不需要执行，跳过不需要执行，跳过不需要执行，跳过不需要执行，跳过
[Sat, 26 Mar 2016 16:19:38] utils.py line:122 [DEBUG]: ##########结束执行用例--SHEET:登录;rowNum:5##########
[Sat, 26 Mar 2016 16:19:38] utils.py line:122 [DEBUG]: ##########开始执行用例--SHEET:登录;rowNum:6##########
[Sat, 26 Mar 2016 16:19:39] utils.py line:122 [DEBUG]: fullurl为:http://master.shop.mmbang.net/user/default/login
[Sat, 26 Mar 2016 16:19:39] utils.py line:122 [DEBUG]: isNeedToRun为:yes
[Sat, 26 Mar 2016 16:19:39] utils.py line:122 [DEBUG]: 透传处理得到的fullurl为:http://master.shop.mmbang.net/user/default/login
[Sat, 26 Mar 2016 16:19:39] utils.py line:122 [DEBUG]: skipList:[]
[Sat, 26 Mar 2016 16:19:39] utils.py line:122 [DEBUG]: 打印dataPlus入参data:mobile=18000000000&password=123456
[Sat, 26 Mar 2016 16:19:39] utils.py line:122 [DEBUG]: 查询一条精确数据...
[Sat, 26 Mar 2016 16:19:39] utils.py line:122 [DEBUG]: 查询一条精确数据...
[Sat, 26 Mar 2016 16:19:39] utils.py line:122 [DEBUG]: 打印出参data:mobile=18000000000&password=123456&app_version=1.4.0&app_client_id=4
[Sat, 26 Mar 2016 16:19:39] utils.py line:122 [DEBUG]: 打印dataPlus入参data:mobile=18000000000&password=123456&app_version=1.4.0&app_client_id=4
[Sat, 26 Mar 2016 16:19:39] utils.py line:122 [DEBUG]: 查询一条精确数据...
[Sat, 26 Mar 2016 16:19:39] utils.py line:122 [DEBUG]: 打印出参data:mobile=18000000000&password=123456&app_version=1.4.0&app_client_id=4&sid=
[Sat, 26 Mar 2016 16:19:39] connectionpool.py line:207 [INFO]: Starting new HTTP connection (1): master.shop.mmbang.net
[Sat, 26 Mar 2016 16:19:39] connectionpool.py line:387 [DEBUG]: "GET /user/test/sign?mobile=18000000000&password=123456&app_version=1.4.0&app_client_id=4&sid= HTTP/1.1" 200 None
[Sat, 26 Mar 2016 16:19:39] utils.py line:122 [DEBUG]: request pass
[Sat, 26 Mar 2016 16:19:39] utils.py line:122 [DEBUG]: 发送的URL:http://master.shop.mmbang.net/user/test/sign?mobile=18000000000&password=123456&app_version=1.4.0&app_client_id=4&sid=
[Sat, 26 Mar 2016 16:19:39] utils.py line:122 [DEBUG]: 获取到的返回报文:{u'msg': u'session \u8fc7\u671f', u'code': 1, u'data': None}
[Sat, 26 Mar 2016 16:19:39] utils.py line:122 [DEBUG]: 更新数据sign字段开始
[Sat, 26 Mar 2016 16:19:39] utils.py line:122 [DEBUG]: 更新数据sign字段成功
[Sat, 26 Mar 2016 16:19:39] utils.py line:122 [DEBUG]: 打印dataPlus入参data:mobile=18000000000&password=123456&app_version=1.4.0&app_client_id=4&sid=
[Sat, 26 Mar 2016 16:19:39] utils.py line:122 [DEBUG]: 查询一条精确数据...
[Sat, 26 Mar 2016 16:19:39] utils.py line:122 [DEBUG]: 打印出参data:mobile=18000000000&password=123456&app_version=1.4.0&app_client_id=4&sid=&sign=
[Sat, 26 Mar 2016 16:19:39] utils.py line:122 [DEBUG]: 继续执行继续执行继续执行继续执行继续执行继续执行继续执行继续执行继续执行继续执行
[Sat, 26 Mar 2016 16:19:39] utils.py line:122 [DEBUG]: 请求方式为post,执行post方法
[Sat, 26 Mar 2016 16:19:39] connectionpool.py line:207 [INFO]: Starting new HTTP connection (1): master.shop.mmbang.net
[Sat, 26 Mar 2016 16:19:39] connectionpool.py line:387 [DEBUG]: "POST /user/default/login?mobile=18000000000&password=123456&app_version=1.4.0&app_client_id=4&sid=&sign= HTTP/1.1" 200 None
[Sat, 26 Mar 2016 16:19:39] utils.py line:122 [DEBUG]: request pass
[Sat, 26 Mar 2016 16:19:39] utils.py line:122 [DEBUG]: 请求的完整URL:http://master.shop.mmbang.net/user/default/login?mobile=18000000000&password=123456&app_version=1.4.0&app_client_id=4&sid=&sign=
[Sat, 26 Mar 2016 16:19:39] utils.py line:122 [DEBUG]: 获取到的response:{u'msg': u'\u767b\u5f55\u6210\u529f', u'code': 0, u'data': {u'pkey': u'3b2d306c7fee3b45', u'user_id': u'214', u'score': 99999.81, u'password_exists': True, u'mobile': u'18000000000', u'gender': u'3', u'region': None, u'nick_name': u'\u63a5\u53e3\u6d4b\u8bd5', u'birthday': None, u'avatar': u'http://ddxq-shop.u.qiniudn.com/FgudnJ2Xb7Udh00dum1Unn7tD_Jj?imageView2/1/w/150/h/150', u'sid': u'0b777ab8ef1218a791fa2ef545cde230'}}
[Sat, 26 Mar 2016 16:19:39] utils.py line:122 [DEBUG]: 透传参数处理开始...
[Sat, 26 Mar 2016 16:19:39] utils.py line:122 [DEBUG]: 透传参数打印:sid类型:<type 'str'>
[Sat, 26 Mar 2016 16:19:39] utils.py line:122 [DEBUG]: 透传参数为sid...
[Sat, 26 Mar 2016 16:19:39] utils.py line:122 [DEBUG]: 更新数据sid字段开始
[Sat, 26 Mar 2016 16:19:39] utils.py line:122 [DEBUG]: 数据库sid字段更新成功
[Sat, 26 Mar 2016 16:19:39] utils.py line:122 [DEBUG]: sid:0b777ab8ef1218a791fa2ef545cde230
[Sat, 26 Mar 2016 16:19:39] utils.py line:122 [DEBUG]: passObjectValue:0b777ab8ef1218a791fa2ef545cde230
[Sat, 26 Mar 2016 16:19:39] utils.py line:122 [DEBUG]: 透传参数处理结束...
[Sat, 26 Mar 2016 16:19:39] utils.py line:122 [DEBUG]: 进入jsonpath模式
[Sat, 26 Mar 2016 16:19:39] utils.py line:122 [DEBUG]: 打印excel里面的字典:{"$[msg]":"登录成功","$[code]":0}
[Sat, 26 Mar 2016 16:19:39] utils.py line:122 [DEBUG]: EXCEL中数据转化得到的list结果:[u'\u767b\u5f55\u6210\u529f']
[Sat, 26 Mar 2016 16:19:39] utils.py line:122 [DEBUG]: JSONPATH获取到的结果:[u'\u767b\u5f55\u6210\u529f']
[Sat, 26 Mar 2016 16:19:39] utils.py line:122 [DEBUG]: EXCEL中数据转化得到的list结果:[0]
[Sat, 26 Mar 2016 16:19:39] utils.py line:122 [DEBUG]: JSONPATH获取到的结果:[0]
[Sat, 26 Mar 2016 16:19:39] utils.py line:122 [DEBUG]: 断言结果是:0
[Sat, 26 Mar 2016 16:19:39] utils.py line:122 [DEBUG]: 把请求数据和请求结果录入数据库
[Sat, 26 Mar 2016 16:19:39] utils.py line:122 [DEBUG]: 数据库插入数据...
[Sat, 26 Mar 2016 16:19:39] utils.py line:122 [DEBUG]: 数据库插入数据正常
[Sat, 26 Mar 2016 16:19:39] utils.py line:122 [DEBUG]: 清空basic表中的sign值，防止影响后面的测试
[Sat, 26 Mar 2016 16:19:39] utils.py line:122 [DEBUG]: 更新数据sign字段开始
[Sat, 26 Mar 2016 16:19:39] utils.py line:122 [DEBUG]: 更新数据sign字段成功
[Sat, 26 Mar 2016 16:19:39] utils.py line:122 [DEBUG]: ##########结束执行用例：SHEET-登录;CASE-6##########
[Sat, 26 Mar 2016 16:19:39] utils.py line:122 [DEBUG]: 更新数据sign字段开始
[Sat, 26 Mar 2016 16:19:39] utils.py line:122 [DEBUG]: 更新数据sign字段成功
[Sat, 26 Mar 2016 16:19:39] utils.py line:122 [DEBUG]: 更新数据sid字段开始
[Sat, 26 Mar 2016 16:19:39] utils.py line:122 [DEBUG]: 数据库sid字段更新成功
[Sat, 26 Mar 2016 16:19:39] utils.py line:122 [DEBUG]: 111
[Sat, 26 Mar 2016 16:19:39] utils.py line:122 [DEBUG]: 渲染报告开始
[Sat, 26 Mar 2016 16:19:39] utils.py line:122 [DEBUG]: 查询一条精确数据...
[Sat, 26 Mar 2016 16:19:39] utils.py line:122 [DEBUG]: 查询一条精确数据...
[Sat, 26 Mar 2016 16:19:39] utils.py line:122 [DEBUG]: 查询一条精确数据...
[Sat, 26 Mar 2016 16:19:39] utils.py line:122 [DEBUG]: 查询一条精确数据...
[Sat, 26 Mar 2016 16:19:39] utils.py line:122 [DEBUG]: 查询一条精确数据...
[Sat, 26 Mar 2016 16:19:39] utils.py line:122 [DEBUG]: 查询一条精确数据...
[Sat, 26 Mar 2016 16:19:39] utils.py line:122 [DEBUG]: 查询一条精确数据...
[Sat, 26 Mar 2016 16:19:39] utils.py line:122 [DEBUG]: 查询一条精确数据...
[Sat, 26 Mar 2016 16:19:39] utils.py line:122 [DEBUG]: 查询一条精确数据...
[Sat, 26 Mar 2016 16:19:39] utils.py line:122 [DEBUG]: 读取文件C:\Users\zhoudonbin\Documents\GitHub\MyApiAuto\result\report\indexDemo.html
[Sat, 26 Mar 2016 16:19:39] utils.py line:122 [DEBUG]: 打开文件C:\Users\zhoudonbin\Documents\GitHub\MyApiAuto\result\report\index.html
[Sat, 26 Mar 2016 16:19:39] utils.py line:122 [DEBUG]: 开始写入文件C:\Users\zhoudonbin\Documents\GitHub\MyApiAuto\result\report\index.html
[Sat, 26 Mar 2016 16:19:39] utils.py line:122 [DEBUG]: 关闭文件
[Sat, 26 Mar 2016 16:19:39] utils.py line:122 [DEBUG]: 渲染报告结束
